===== [stage=clarify attempt=1 round=1 ts=2026-07-21T21:05:00+08:00] =====
[clarify] start: read req.md + context.md whitelist docs
[clarify] done: req.md 技术澄清章节已更新；questions.md 追加 Q1(dropped)/Q2(resolved_by_doc)/Q3(resolved_by_doc)；DoR 满足，status=ok
===== [stage=specify attempt=1 round=1 ts=2026-07-21T21:10:00+08:00] =====
[specify] start: read req.md + questions.md(answered/resolved_by_doc) + context.md whitelist
[specify] done: spec.md 生成（FR-001~008 / AC-001~006 / SC-001~004）；checklists/requirements.md 全项通过；无新增 open 问题
===== [stage=plan attempt=1 round=1 ts=2026-07-21T21:15:00+08:00] =====
plan done: plan.md research.md data-model.md plan-report.md generated; verdict=pass
===== [stage=tasks-generate attempt=1 round=1 ts=2026-07-21T21:20:00+08:00] =====
tasks.md generated: 21 tasks (US1 F-001, US2 F-002, US3 F-003), TDD ordering T1~T6
===== [stage=tasks-analyze attempt=1 round=1 ts=2026-07-21T21:22:00+08:00] =====
[tasks-analyze] start: load spec/plan/research/data-model/tasks + verify source refs (sync_cmdb.go L1616-1820, process.go L98-101)
[tasks-analyze] done: tasks-report.md generated; verdict=pass; FR 覆盖 8/8; findings=2(LOW); 0 CRITICAL/HIGH
===== [stage=implement attempt=1 round=1 ts=2026-07-21T21:45:00+08:00] =====
=== RUN   TestBuildProcessChangesReusableResolvesOsType
=== RUN   TestBuildProcessChangesReusableResolvesOsType/cmdb_non-empty_applied
=== RUN   TestBuildProcessChangesReusableResolvesOsType/cmdb_empty_keeps_old
--- PASS: TestBuildProcessChangesReusableResolvesOsType (0.00s)
    --- PASS: TestBuildProcessChangesReusableResolvesOsType/cmdb_non-empty_applied (0.00s)
    --- PASS: TestBuildProcessChangesReusableResolvesOsType/cmdb_empty_keeps_old (0.00s)
=== RUN   TestBuildProcessChangesTopoFields
=== RUN   TestBuildProcessChangesTopoFields/T1_only_service_name_changed
    sync_cmdb_topo_test.go:131: expected ToUpdateProcess non-nil
=== RUN   TestBuildProcessChangesTopoFields/T2_only_environment_changed
    sync_cmdb_topo_test.go:131: expected ToUpdateProcess non-nil
=== RUN   TestBuildProcessChangesTopoFields/T3_only_set_name/module_name_changed
=== RUN   TestBuildProcessChangesTopoFields/T4_topo_fields_unchanged
=== RUN   TestBuildProcessChangesTopoFields/T5_both_fields_overwritten_to_empty
    sync_cmdb_topo_test.go:131: expected ToUpdateProcess non-nil
--- FAIL: TestBuildProcessChangesTopoFields (0.00s)
    --- FAIL: TestBuildProcessChangesTopoFields/T1_only_service_name_changed (0.00s)
    --- FAIL: TestBuildProcessChangesTopoFields/T2_only_environment_changed (0.00s)
    --- PASS: TestBuildProcessChangesTopoFields/T3_only_set_name/module_name_changed (0.00s)
    --- PASS: TestBuildProcessChangesTopoFields/T4_topo_fields_unchanged (0.00s)
    --- FAIL: TestBuildProcessChangesTopoFields/T5_both_fields_overwritten_to_empty (0.00s)
=== RUN   TestBuildProcessChangesReusableRefreshesTopoFields
    sync_cmdb_topo_test.go:191: restored ServiceName = "svc-stale", want svc-new
--- FAIL: TestBuildProcessChangesReusableRefreshesTopoFields (0.00s)
FAIL
FAIL	github.com/TencentBlueKing/bk-bscp/internal/processor/cmdb	0.018s
FAIL
ok  	github.com/TencentBlueKing/bk-bscp/internal/processor/cmdb	0.428s
